<?xml version="1.0" encoding="utf-8"?><testsuites name="pytest tests"><testsuite name="pytest" errors="0" failures="0" skipped="0" tests="20" time="4.732" timestamp="2026-08-25T10:30:39.036526+00:00" hostname="agent-env-aab7c68b-7022-4f4b-85f8-ceafae96b631"><testcase classname="tests.test_iteration2" name="test_health_flags" time="0.281" /><testcase classname="tests.test_iteration2" name="test_upload_returns_path_and_token" time="0.693" /><testcase classname="tests.test_iteration2" name="test_file_owner_can_fetch" time="0.513" /><testcase classname="tests.test_iteration2" name="test_file_token_query_works" time="0.436" /><testcase classname="tests.test_iteration2" name="test_file_non_owner_forbidden" time="0.298" /><testcase classname="tests.test_iteration2" name="test_file_admin_can_fetch" time="0.603" /><testcase classname="tests.test_iteration2" name="test_verifications_business_forbidden" time="0.374" /><testcase classname="tests.test_iteration2" name="test_verifications_cross_user_document_rejected" time="0.063" /><testcase classname="tests.test_iteration2" name="test_verification_me_returns_submission" time="0.132" /><testcase classname="tests.test_iteration2" name="test_admin_list_verifications_pending" time="0.081" /><testcase classname="tests.test_iteration2" name="test_admin_list_verifications_nonadmin_forbidden" time="0.033" /><testcase classname="tests.test_iteration2" name="test_reject_does_not_flip_verified" time="0.151" /><testcase classname="tests.test_iteration2" name="test_approve_sets_verified_true" time="0.114" /><testcase classname="tests.test_iteration2" name="test_saved_search_created_and_listed" time="0.159" /><testcase classname="tests.test_iteration2" name="test_saved_search_isolation" time="0.044" /><testcase classname="tests.test_iteration2" name="test_saved_search_delete_forbidden_for_non_owner" time="0.037" /><testcase classname="tests.test_iteration2" name="test_saved_search_delete_owner_ok" time="0.073" /><testcase classname="tests.test_iteration2" name="test_razorpay_create_order_mock_flag" time="0.211" /><testcase classname="tests.test_iteration2" name="test_regression_influencers_and_categories" time="0.034" /><testcase classname="tests.test_iteration2" name="test_zz_cleanup" time="0.078" /></testsuite></testsuites>