<?xml version="1.0" encoding="utf-8"?><testsuites name="pytest tests"><testsuite name="pytest" errors="0" failures="1" skipped="0" tests="15" time="4.717" timestamp="2026-08-25T09:56:55.932375+00:00" hostname="agent-env-aab7c68b-7022-4f4b-85f8-ceafae96b631"><testcase classname="tests.test_collabspace" name="test_health" time="0.149" /><testcase classname="tests.test_collabspace" name="test_login_all_seeded" time="0.806" /><testcase classname="tests.test_collabspace" name="test_register_and_login" time="0.036"><failure message="AssertionError: {&quot;detail&quot;:[{&quot;type&quot;:&quot;value_error&quot;,&quot;loc&quot;:[&quot;body&quot;,&quot;email&quot;],&quot;msg&quot;:&quot;value is not a valid email address: The part after the @-sign is a special-use or reserved name that cannot be used with email.&quot;,&quot;input&quot;:&quot;TEST_1352fcde@collab.test&quot;,&quot;ctx&quot;:{&quot;reason&quot;:&quot;The part after the @-sign is a special-use or reserved name that cannot be used with email.&quot;}}]}&#10;assert 422 == 200&#10; +  where 422 = &lt;Response [422]&gt;.status_code">backend/tests/test_collabspace.py:68: in test_register_and_login
    assert r.status_code == 200, r.text
E   AssertionError: {"detail":[{"type":"value_error","loc":["body","email"],"msg":"value is not a valid email address: The part after the @-sign is a special-use or reserved name that cannot be used with email.","input":"TEST_1352fcde@collab.test","ctx":{"reason":"The part after the @-sign is a special-use or reserved name that cannot be used with email."}}]}
E   assert 422 == 200
E    +  where 422 = &lt;Response [422]&gt;.status_code</failure></testcase><testcase classname="tests.test_collabspace" name="test_auth_me_and_invalid" time="0.366" /><testcase classname="tests.test_collabspace" name="test_categories_regions" time="0.060" /><testcase classname="tests.test_collabspace" name="test_list_influencers_filters" time="0.210" /><testcase classname="tests.test_collabspace" name="test_request_self_400" time="0.073" /><testcase classname="tests.test_collabspace" name="test_requests_boxes" time="0.532" /><testcase classname="tests.test_collabspace" name="test_patch_request_forbidden_then_accept" time="0.152" /><testcase classname="tests.test_collabspace" name="test_conversations_and_messages" time="0.172" /><testcase classname="tests.test_collabspace" name="test_websocket_chat" time="0.164" /><testcase classname="tests.test_collabspace" name="test_contact_locked_then_unlock_flow" time="0.181" /><testcase classname="tests.test_collabspace" name="test_campaign_requires_unlock_then_lifecycle" time="0.803" /><testcase classname="tests.test_collabspace" name="test_admin_endpoints" time="0.471" /><testcase classname="tests.test_collabspace" name="test_zz_cleanup" time="0.186" /></testsuite></testsuites>